This file contains any messages produced by compilers while
running configure, to aid debugging if configure makes a mistake.

It was created by XZ Utils configure 5.6.2, which was
generated by GNU Autoconf 2.72.  Invocation command line was

  $ ./configure --prefix=/home/thatkrxf/local

## --------- ##
## Platform. ##
## --------- ##

hostname = premium157.web-hosting.com
uname -m = x86_64
uname -r = 4.18.0-513.11.1.lve.el8.x86_64
uname -s = Linux
uname -v = #1 SMP Thu Jan 18 16:21:02 UTC 2024

/usr/bin/uname -p = x86_64
/bin/uname -X     = unknown

/bin/arch              = x86_64
/usr/bin/arch -k       = unknown
/usr/convex/getsysinfo = unknown
/usr/bin/hostinfo      = unknown
/bin/machine           = unknown
/usr/bin/oslevel       = unknown
/bin/universe          = unknown

PATH: /home/thatkrxf/NodeWebApps/NodeAppTwo/emsdk-2.0.17/emsdk/
PATH: /home/thatkrxf/NodeWebApps/NodeAppTwo/emsdk-2.0.17/
PATH: /usr/local/cpanel/3rdparty/lib/path-bin/
PATH: /usr/share/Modules/bin/
PATH: /usr/local/bin/
PATH: /usr/bin/
PATH: /usr/local/sbin/
PATH: /usr/sbin/
PATH: /opt/cpanel/composer/bin/
PATH: /opt/puppetlabs/bin/
PATH: /home/thatkrxf/bin/


## ----------- ##
## Core tests. ##
## ----------- ##

configure:3271: looking for aux files: config.rpath ltmain.sh compile missing install-sh config.guess config.sub
configure:3284:  trying ./build-aux/
configure:3313:   ./build-aux/config.rpath found
configure:3313:   ./build-aux/ltmain.sh found
configure:3313:   ./build-aux/compile found
configure:3313:   ./build-aux/missing found
configure:3295:   ./build-aux/install-sh found
configure:3313:   ./build-aux/config.guess found
configure:3313:   ./build-aux/config.sub found
configure:3444: checking build system type
configure:3460: result: x86_64-pc-linux-gnu
configure:3480: checking host system type
configure:3495: result: x86_64-pc-linux-gnu
configure:3555: checking if debugging code should be compiled
configure:3573: result: no
configure:3619: checking which encoders to build
configure:3726: result: lzma1 lzma2 delta x86 powerpc ia64 arm armthumb arm64 sparc riscv
configure:3730: checking which decoders to build
configure:3837: result: lzma1 lzma2 delta x86 powerpc ia64 arm armthumb arm64 sparc riscv
configure:4230: checking which match finders to build
configure:4287: result: hc3 hc4 bt2 bt3 bt4
configure:4305: checking which integrity checks to build
configure:4349: result: crc32 crc64 sha256
configure:4381: checking if external SHA-256 should be used
configure:4399: result: no
configure:4408: checking if MicroLZMA support should be built
configure:4421: result: yes
configure:4444: checking if .lz (lzip) decompression support should be built
configure:4463: result: yes
configure:4483: checking if assembler optimizations should be used
configure:4508: result: no
configure:4561: checking if small size is preferred over speed
configure:4581: result: no
configure:4597: checking if threading support is wanted
configure:4625: result: yes, posix
configure:4650: checking how much RAM to assume if the real amount is unknown
configure:4667: result: 128 MiB
configure:4830: checking if sandboxing should be used
configure:4848: result: maybe (autodetect)
configure:4907: checking for a shell that conforms to POSIX
configure:4950: result: /bin/sh
configure:4992: checking for a BSD-compatible install
configure:5066: result: /usr/bin/install -c
configure:5077: checking whether build environment is sane
configure:5132: result: yes
configure:5293: checking for a race-free mkdir -p
configure:5336: result: /usr/bin/mkdir -p
configure:5343: checking for gawk
configure:5364: found /usr/bin/gawk
configure:5376: result: gawk
configure:5387: checking whether make sets $(MAKE)
configure:5411: result: yes
configure:5441: checking whether make supports nested variables
configure:5460: result: yes
configure:5596: checking whether ln -s works
configure:5600: result: yes
configure:5621: checking whether make supports the include directive
configure:5636: make -f confmf.GNU && cat confinc.out
this is the am__doit target
configure:5639: $? = 0
configure:5658: result: yes (GNU style)
configure:5735: checking for gcc
configure:5771: result: no
configure:5840: checking for cc
configure:5893: result: no
configure:5955: checking for cl.exe
configure:5991: result: no
configure:6063: checking for clang
configure:6099: result: no
configure:6121: error: in '/home/thatkrxf/NodeWebApps/NodeAppTwo/xz-5.6.2':
configure:6123: error: no acceptable C compiler found in $PATH
See 'config.log' for more details

## ---------------- ##
## Cache variables. ##
## ---------------- ##

ac_cv_build=x86_64-pc-linux-gnu
ac_cv_env_CCASFLAGS_set=
ac_cv_env_CCASFLAGS_value=
ac_cv_env_CCAS_set=
ac_cv_env_CCAS_value=
ac_cv_env_CC_set=
ac_cv_env_CC_value=
ac_cv_env_CFLAGS_set=
ac_cv_env_CFLAGS_value=
ac_cv_env_CPPFLAGS_set=
ac_cv_env_CPPFLAGS_value=
ac_cv_env_CPP_set=
ac_cv_env_CPP_value=
ac_cv_env_LDFLAGS_set=
ac_cv_env_LDFLAGS_value=
ac_cv_env_LIBS_set=
ac_cv_env_LIBS_value=
ac_cv_env_LT_SYS_LIBRARY_PATH_set=
ac_cv_env_LT_SYS_LIBRARY_PATH_value=
ac_cv_env_build_alias_set=
ac_cv_env_build_alias_value=
ac_cv_env_host_alias_set=
ac_cv_env_host_alias_value=
ac_cv_env_target_alias_set=
ac_cv_env_target_alias_value=
ac_cv_host=x86_64-pc-linux-gnu
ac_cv_path_install='/usr/bin/install -c'
ac_cv_path_mkdir=/usr/bin/mkdir
ac_cv_prog_AWK=gawk
ac_cv_prog_make_make_set=yes
am_cv_make_support_nested_variables=yes
gl_cv_posix_shell=/bin/sh

## ----------------- ##
## Output variables. ##
## ----------------- ##

ACLOCAL='${SHELL} '\''/home/thatkrxf/NodeWebApps/NodeAppTwo/xz-5.6.2/build-aux/missing'\'' aclocal-1.16'
AMDEPBACKSLASH='\'
AMDEP_FALSE='#'
AMDEP_TRUE=''
AMTAR='$${TAR-tar}'
AM_BACKSLASH='\'
AM_CFLAGS=''
AM_DEFAULT_V='$(AM_DEFAULT_VERBOSITY)'
AM_DEFAULT_VERBOSITY='1'
AM_V='$(V)'
AR=''
AS=''
AUTOCONF='${SHELL} '\''/home/thatkrxf/NodeWebApps/NodeAppTwo/xz-5.6.2/build-aux/missing'\'' autoconf'
AUTOHEADER='${SHELL} '\''/home/thatkrxf/NodeWebApps/NodeAppTwo/xz-5.6.2/build-aux/missing'\'' autoheader'
AUTOMAKE='${SHELL} '\''/home/thatkrxf/NodeWebApps/NodeAppTwo/xz-5.6.2/build-aux/missing'\'' automake-1.16'
AWK='gawk'
CC=''
CCAS=''
CCASDEPMODE=''
CCASFLAGS=''
CCDEPMODE=''
CFLAGS=''
CFLAG_VISIBILITY=''
COND_ASM_X86_FALSE=''
COND_ASM_X86_TRUE='#'
COND_CHECK_CRC32_FALSE='#'
COND_CHECK_CRC32_TRUE=''
COND_CHECK_CRC64_FALSE='#'
COND_CHECK_CRC64_TRUE=''
COND_CHECK_SHA256_FALSE='#'
COND_CHECK_SHA256_TRUE=''
COND_DECODER_ARM64_FALSE='#'
COND_DECODER_ARM64_TRUE=''
COND_DECODER_ARMTHUMB_FALSE='#'
COND_DECODER_ARMTHUMB_TRUE=''
COND_DECODER_ARM_FALSE='#'
COND_DECODER_ARM_TRUE=''
COND_DECODER_DELTA_FALSE='#'
COND_DECODER_DELTA_TRUE=''
COND_DECODER_IA64_FALSE='#'
COND_DECODER_IA64_TRUE=''
COND_DECODER_LZMA1_FALSE='#'
COND_DECODER_LZMA1_TRUE=''
COND_DECODER_LZMA2_FALSE='#'
COND_DECODER_LZMA2_TRUE=''
COND_DECODER_LZ_FALSE='#'
COND_DECODER_LZ_TRUE=''
COND_DECODER_POWERPC_FALSE='#'
COND_DECODER_POWERPC_TRUE=''
COND_DECODER_RISCV_FALSE='#'
COND_DECODER_RISCV_TRUE=''
COND_DECODER_SIMPLE_FALSE='#'
COND_DECODER_SIMPLE_TRUE=''
COND_DECODER_SPARC_FALSE='#'
COND_DECODER_SPARC_TRUE=''
COND_DECODER_X86_FALSE='#'
COND_DECODER_X86_TRUE=''
COND_DOC_FALSE='#'
COND_DOC_TRUE=''
COND_DOXYGEN_FALSE=''
COND_DOXYGEN_TRUE='#'
COND_ENCODER_ARM64_FALSE='#'
COND_ENCODER_ARM64_TRUE=''
COND_ENCODER_ARMTHUMB_FALSE='#'
COND_ENCODER_ARMTHUMB_TRUE=''
COND_ENCODER_ARM_FALSE='#'
COND_ENCODER_ARM_TRUE=''
COND_ENCODER_DELTA_FALSE='#'
COND_ENCODER_DELTA_TRUE=''
COND_ENCODER_IA64_FALSE='#'
COND_ENCODER_IA64_TRUE=''
COND_ENCODER_LZMA1_FALSE='#'
COND_ENCODER_LZMA1_TRUE=''
COND_ENCODER_LZMA2_FALSE='#'
COND_ENCODER_LZMA2_TRUE=''
COND_ENCODER_LZ_FALSE='#'
COND_ENCODER_LZ_TRUE=''
COND_ENCODER_POWERPC_FALSE='#'
COND_ENCODER_POWERPC_TRUE=''
COND_ENCODER_RISCV_FALSE='#'
COND_ENCODER_RISCV_TRUE=''
COND_ENCODER_SIMPLE_FALSE='#'
COND_ENCODER_SIMPLE_TRUE=''
COND_ENCODER_SPARC_FALSE='#'
COND_ENCODER_SPARC_TRUE=''
COND_ENCODER_X86_FALSE='#'
COND_ENCODER_X86_TRUE=''
COND_FILTER_ARM64_FALSE='#'
COND_FILTER_ARM64_TRUE=''
COND_FILTER_ARMTHUMB_FALSE='#'
COND_FILTER_ARMTHUMB_TRUE=''
COND_FILTER_ARM_FALSE='#'
COND_FILTER_ARM_TRUE=''
COND_FILTER_DELTA_FALSE='#'
COND_FILTER_DELTA_TRUE=''
COND_FILTER_IA64_FALSE='#'
COND_FILTER_IA64_TRUE=''
COND_FILTER_LZMA1_FALSE='#'
COND_FILTER_LZMA1_TRUE=''
COND_FILTER_LZMA2_FALSE='#'
COND_FILTER_LZMA2_TRUE=''
COND_FILTER_LZ_FALSE='#'
COND_FILTER_LZ_TRUE=''
COND_FILTER_POWERPC_FALSE='#'
COND_FILTER_POWERPC_TRUE=''
COND_FILTER_RISCV_FALSE='#'
COND_FILTER_RISCV_TRUE=''
COND_FILTER_SIMPLE_FALSE='#'
COND_FILTER_SIMPLE_TRUE=''
COND_FILTER_SPARC_FALSE='#'
COND_FILTER_SPARC_TRUE=''
COND_FILTER_X86_FALSE='#'
COND_FILTER_X86_TRUE=''
COND_GNULIB_FALSE=''
COND_GNULIB_TRUE=''
COND_INTERNAL_SHA256_FALSE=''
COND_INTERNAL_SHA256_TRUE=''
COND_LZIP_DECODER_FALSE='#'
COND_LZIP_DECODER_TRUE=''
COND_LZMADEC_FALSE='#'
COND_LZMADEC_TRUE=''
COND_LZMAINFO_FALSE='#'
COND_LZMAINFO_TRUE=''
COND_LZMALINKS_FALSE='#'
COND_LZMALINKS_TRUE=''
COND_MAIN_DECODER_FALSE='#'
COND_MAIN_DECODER_TRUE=''
COND_MAIN_ENCODER_FALSE='#'
COND_MAIN_ENCODER_TRUE=''
COND_MICROLZMA_FALSE='#'
COND_MICROLZMA_TRUE=''
COND_SCRIPTS_FALSE='#'
COND_SCRIPTS_TRUE=''
COND_SHARED_FALSE=''
COND_SHARED_TRUE=''
COND_SMALL_FALSE=''
COND_SMALL_TRUE='#'
COND_SYMVERS_GENERIC_FALSE=''
COND_SYMVERS_GENERIC_TRUE=''
COND_SYMVERS_LINUX_FALSE=''
COND_SYMVERS_LINUX_TRUE=''
COND_THREADS_FALSE=''
COND_THREADS_TRUE=''
COND_W32_FALSE=''
COND_W32_TRUE='#'
COND_XZDEC_FALSE='#'
COND_XZDEC_TRUE=''
COND_XZ_FALSE='#'
COND_XZ_TRUE=''
CPP=''
CPPFLAGS=''
CSCOPE='cscope'
CTAGS='ctags'
CYGPATH_W='echo'
DEFS=''
DEPDIR='.deps'
DLLTOOL=''
DSYMUTIL=''
DUMPBIN=''
ECHO_C=''
ECHO_N='-n'
ECHO_T=''
EGREP=''
ETAGS='etags'
EXEEXT=''
FGREP=''
FILECMD=''
GETOPT_H=''
GETTEXT_MACRO_VERSION=''
GMSGFMT=''
GMSGFMT_015=''
GREP=''
HAVE_VISIBILITY=''
INSTALL_DATA='${INSTALL} -m 644'
INSTALL_PROGRAM='${INSTALL}'
INSTALL_SCRIPT='${INSTALL}'
INSTALL_STRIP_PROGRAM='$(install_sh) -c -s'
INTLLIBS=''
INTL_MACOSX_LIBS=''
LD=''
LDFLAGS=''
LIBICONV=''
LIBINTL=''
LIBOBJS=''
LIBS=''
LIBTOOL=''
LIPO=''
LN_EXEEXT='$(EXEEXT)'
LN_S='ln -s'
LTLIBICONV=''
LTLIBINTL=''
LTLIBOBJS=''
LT_SYS_LIBRARY_PATH=''
MAKEINFO='${SHELL} '\''/home/thatkrxf/NodeWebApps/NodeAppTwo/xz-5.6.2/build-aux/missing'\'' makeinfo'
MANIFEST_TOOL=''
MKDIR_P='/usr/bin/mkdir -p'
MSGFMT=''
MSGMERGE=''
MSGMERGE_FOR_MSGFMT_OPTION=''
NM=''
NMEDIT=''
OBJDUMP=''
OBJEXT=''
OTOOL64=''
OTOOL=''
PACKAGE='xz'
PACKAGE_BUGREPORT='xz@tukaani.org'
PACKAGE_NAME='XZ Utils'
PACKAGE_STRING='XZ Utils 5.6.2'
PACKAGE_TARNAME='xz'
PACKAGE_URL='https://tukaani.org/xz/'
PACKAGE_VERSION='5.6.2'
PATH_SEPARATOR=':'
POSIX_SHELL='/bin/sh'
POSUB=''
PREFERABLY_POSIX_SHELL='/bin/sh'
PTHREAD_CC=''
PTHREAD_CFLAGS=''
PTHREAD_CXX=''
PTHREAD_LIBS=''
RANLIB=''
RC=''
SED=''
SET_MAKE=''
SHELL='/bin/sh'
STRIP=''
USE_NLS=''
VERSION='5.6.2'
XGETTEXT=''
XGETTEXT_015=''
XGETTEXT_EXTRA_OPTIONS=''
ac_ct_AR=''
ac_ct_CC=''
ac_ct_DUMPBIN=''
am__EXEEXT_FALSE=''
am__EXEEXT_TRUE=''
am__fastdepCCAS_FALSE=''
am__fastdepCCAS_TRUE=''
am__fastdepCC_FALSE=''
am__fastdepCC_TRUE=''
am__include='include'
am__isrc=''
am__leading_dot='.'
am__nodep='_no'
am__quote=''
am__tar='$${TAR-tar} chof - "$$tardir"'
am__untar='$${TAR-tar} xf -'
ax_pthread_config=''
bindir='${exec_prefix}/bin'
build='x86_64-pc-linux-gnu'
build_alias=''
build_cpu='x86_64'
build_os='linux-gnu'
build_vendor='pc'
datadir='${datarootdir}'
datarootdir='${prefix}/share'
docdir='${datarootdir}/doc/${PACKAGE_TARNAME}'
dvidir='${docdir}'
enable_path_for_scripts=''
exec_prefix='NONE'
host='x86_64-pc-linux-gnu'
host_alias=''
host_cpu='x86_64'
host_os='linux-gnu'
host_vendor='pc'
htmldir='${docdir}'
includedir='${prefix}/include'
infodir='${datarootdir}/info'
install_sh='${SHELL} /home/thatkrxf/NodeWebApps/NodeAppTwo/xz-5.6.2/build-aux/install-sh'
libdir='${exec_prefix}/lib'
libexecdir='${exec_prefix}/libexec'
localedir='${datarootdir}/locale'
localedir_c=''
localedir_c_make=''
localstatedir='${prefix}/var'
mandir='${datarootdir}/man'
mkdir_p='$(MKDIR_P)'
oldincludedir='/usr/include'
pdfdir='${docdir}'
prefix='/home/thatkrxf/local'
program_transform_name='s,x,x,'
psdir='${docdir}'
runstatedir='${localstatedir}/run'
sbindir='${exec_prefix}/sbin'
sharedstatedir='${prefix}/com'
sysconfdir='${prefix}/etc'
target_alias=''
xz=''

## ----------- ##
## confdefs.h. ##
## ----------- ##

/* confdefs.h */
#define PACKAGE_NAME "XZ Utils"
#define PACKAGE_TARNAME "xz"
#define PACKAGE_VERSION "5.6.2"
#define PACKAGE_STRING "XZ Utils 5.6.2"
#define PACKAGE_BUGREPORT "xz@tukaani.org"
#define PACKAGE_URL "https://tukaani.org/xz/"
#define NDEBUG 1
#define HAVE_ENCODER_LZMA1 1
#define HAVE_ENCODER_LZMA2 1
#define HAVE_ENCODER_DELTA 1
#define HAVE_ENCODER_X86 1
#define HAVE_ENCODER_POWERPC 1
#define HAVE_ENCODER_IA64 1
#define HAVE_ENCODER_ARM 1
#define HAVE_ENCODER_ARMTHUMB 1
#define HAVE_ENCODER_ARM64 1
#define HAVE_ENCODER_SPARC 1
#define HAVE_ENCODER_RISCV 1
#define HAVE_ENCODERS 1
#define HAVE_DECODER_LZMA1 1
#define HAVE_DECODER_LZMA2 1
#define HAVE_DECODER_DELTA 1
#define HAVE_DECODER_X86 1
#define HAVE_DECODER_POWERPC 1
#define HAVE_DECODER_IA64 1
#define HAVE_DECODER_ARM 1
#define HAVE_DECODER_ARMTHUMB 1
#define HAVE_DECODER_ARM64 1
#define HAVE_DECODER_SPARC 1
#define HAVE_DECODER_RISCV 1
#define HAVE_DECODERS 1
#define HAVE_MF_HC3 1
#define HAVE_MF_HC4 1
#define HAVE_MF_BT2 1
#define HAVE_MF_BT3 1
#define HAVE_MF_BT4 1
#define HAVE_CHECK_CRC32 1
#define HAVE_CHECK_CRC64 1
#define HAVE_CHECK_SHA256 1
#define HAVE_LZIP_DECODER 1
#define ASSUME_RAM 128
#define PACKAGE "xz"
#define VERSION "5.6.2"

configure: exit 1
